<?xml version="1.0" encoding="UTF-8"?>
<!-- Generated by org.testng.reporters.JUnitReportReporter -->
<testsuite skipped="0" hostname="shubhagg-mac" name="dataprovider.DP1$DP" tests="2" failures="0" timestamp="2022-07-13T15:57:38 IST" time="0.014" errors="0">
  <testcase name="myTest" time="0.009" classname="dataprovider.DP1$DP"/>
  <testcase name="myTest" time="0.005" classname="dataprovider.DP1$DP"/>
</testsuite> <!-- dataprovider.DP1$DP -->
