<?xml version="1.0" encoding="UTF-8"?>
<!-- Generated by org.testng.reporters.JUnitReportReporter -->
<testsuite skipped="0" hostname="shubhagg-mac" name="dataprovider.DP" tests="2" failures="0" timestamp="2022-07-05T12:48:28 IST" time="0.007" errors="0">
  <testcase name="myTest" time="0.006" classname="dataprovider.DP"/>
  <testcase name="myTest" time="0.001" classname="dataprovider.DP"/>
</testsuite> <!-- dataprovider.DP -->
