<?xml version="1.0" encoding="UTF-8"?>
<!-- Generated by org.testng.reporters.JUnitReportReporter -->
<testsuite skipped="1" hostname="shubhagg-mac" name="day3.NewTestngClass" tests="3" failures="0" timestamp="2022-04-12T15:34:20 IST" time="0.009" errors="0">
  <testcase name="testcase3" time="0.001" classname="day3.NewTestngClass"/>
  <testcase name="testcase2" time="0.008" classname="day3.NewTestngClass"/>
  <testcase name="testcase1" classname="day3.NewTestngClass">
    <skipped/>
  </testcase> <!-- testcase1 -->
</testsuite> <!-- day3.NewTestngClass -->
